<?xml version="1.0" encoding="UTF-8"?>
<coverage generated="1694651671620" clover="3.2.0">
  <project timestamp="1694651671621" name="All files">
    <metrics statements="9" coveredstatements="7" conditionals="6" coveredconditionals="4" methods="4" coveredmethods="4" elements="19" coveredelements="15" complexity="0" loc="9" ncloc="9" packages="1" files="1" classes="1"/>
    <file name="calc.js" path="C:\Users\usuario\Documents\GitHub\CTD\Testing\Clase_12\calc.js">
      <metrics statements="9" coveredstatements="7" conditionals="6" coveredconditionals="4" methods="4" coveredmethods="4"/>
      <line num="2" count="1" type="stmt"/>
      <line num="6" count="1" type="stmt"/>
      <line num="10" count="1" type="stmt"/>
      <line num="14" count="1" type="cond" truecount="1" falsecount="1"/>
      <line num="15" count="0" type="stmt"/>
      <line num="16" count="1" type="cond" truecount="3" falsecount="1"/>
      <line num="17" count="1" type="stmt"/>
      <line num="19" count="0" type="stmt"/>
      <line num="23" count="1" type="stmt"/>
    </file>
  </project>
</coverage>
