<?xml version="1.0" encoding="UTF-8"?>
<coverage generated="1693877623746" clover="3.2.0">
  <project timestamp="1693877623746" name="All files">
    <metrics statements="14" coveredstatements="5" conditionals="12" coveredconditionals="3" methods="2" coveredmethods="1" elements="28" coveredelements="9" complexity="0" loc="14" ncloc="14" packages="1" files="1" classes="1"/>
    <file name="util.js" path="C:\Users\usuario\Documents\GitHub\CTD\Testing\Formulario-Estudiantil-master\util.js">
      <metrics statements="14" coveredstatements="5" conditionals="12" coveredconditionals="3" methods="2" coveredmethods="1"/>
      <line num="1" count="1" type="stmt"/>
      <line num="3" count="1" type="cond" truecount="2" falsecount="2"/>
      <line num="4" count="0" type="stmt"/>
      <line num="9" count="0" type="stmt"/>
      <line num="11" count="1" type="cond" truecount="1" falsecount="1"/>
      <line num="12" count="0" type="stmt"/>
      <line num="17" count="0" type="stmt"/>
      <line num="19" count="1" type="stmt"/>
      <line num="22" count="1" type="stmt"/>
      <line num="24" count="0" type="cond" truecount="0" falsecount="2"/>
      <line num="25" count="0" type="stmt"/>
      <line num="27" count="0" type="cond" truecount="0" falsecount="4"/>
      <line num="28" count="0" type="stmt"/>
      <line num="30" count="0" type="stmt"/>
    </file>
  </project>
</coverage>
